23 5 10 15 20 25 35 
40 7 14 21 
40 8 15 22 
40 
40 10 17 24 
40 11 18 25 
40 12 19 26 
40 
40 14 21 28 
40 15 22 29 
40 
40 17 24 31 
40 18 25 32 
40 19 26 33 
40 
40 21 28 35 
40 22 29 36 
40 
40 24 31 38 
40 25 32 39 
40 26 33 40 
40 27 34 41 
40 28 35 
40 29 36 
40 
52 2 4 6 8 10 12 
52 3 5 7 9 11 13 
52 4 6 8 10 12 14 
52 5 7 9 11 13 15 
52 6 8 10 12 14 16 
52 7 9 11 13 15 17 
52 8 10 12 14 16 18 
52 9 11 13 15 17 19 
52 10 12 14 16 18 20 
52 11 13 15 17 19 21 
52 12 14 16 18 20 22 
52 13 15 17 19 21 23 
52 14 16 18 20 22 24 
52 15 17 19 21 23 25 
52 16 18 20 22 24 26 
52 17 19 21 23 25 27 
52 18 20 22 24 26 28 
52 19 21 23 25 27 29 
52 20 22 24 26 28 30 
52 21 23 25 27 29 31 
52 22 24 26 28 30 32 
52 23 25 27 29 31 33 
52 24 26 28 30 32 34 
52 25 27 29 31 33 35 
52 26 28 30 32 34 36 
52 27 29 31 33 35 37 
52 28 30 32 34 36 38 
52 29 31 33 35 37 39 
52 30 32 34 36 38 40 
52 31 33 35 37 39 41 
52 32 34 36 38 40 42 
52 33 35 37 39 41 43 
52 34 36 38 40 42 44 
52 35 37 39 41 43 45 
52 36 38 40 42 44 46 
52 37 39 41 43 45 47 
52 38 40 42 44 46 48 
52 39 41 43 45 47 49 
52 40 42 44 46 48 50 
52 41 43 45 47 49 51 
52 42 44 46 48 50 52 
52